<?xml version="1.0" encoding="UTF-8"?>
<!-- Generated by org.testng.reporters.JUnitReportReporter -->
<testsuite hostname="Anatoliis-MacBook-Pro.local" failures="0" tests="2" name="com.solvd.SignInTest" time="63.835" errors="0" timestamp="2023-11-08T16:49:14 EET" skipped="0">
  <testcase classname="com.solvd.SignInTest" name="testExistingUser" time="45.842"/>
  <testcase classname="com.solvd.SignInTest" name="demoPurpose" time="17.993"/>
</testsuite> <!-- com.solvd.SignInTest -->
