<?xml version="1.0" encoding="UTF-8"?>
<!-- Generated by org.testng.reporters.JUnitReportReporter -->
<testsuite hostname="Anatoliis-MacBook-Pro.local" failures="0" tests="1" name="com.solvd.DemoTest" time="10.107" errors="0" timestamp="2023-11-08T16:49:14 EET" skipped="0">
  <testcase classname="com.solvd.DemoTest" name="test" time="10.107"/>
</testsuite> <!-- com.solvd.DemoTest -->
